<?xml version="1.0" encoding="UTF-8"?>
<testng-results skipped="0" failed="0" ignored="0" total="1" passed="1">
  <reporter-output>
  </reporter-output>
  <suite name="Default suite" duration-ms="71713" started-at="2018-08-15T18:25:29Z" finished-at="2018-08-15T18:26:41Z">
    <groups>
    </groups>
    <test name="Default test" duration-ms="71713" started-at="2018-08-15T18:25:29Z" finished-at="2018-08-15T18:26:41Z">
      <class name="com.qtpselenium.rediff.hybrid.testcases.PortfolioSuite.LoginTest">
        <test-method status="PASS" signature="init()[pri:0, instance:com.qtpselenium.rediff.hybrid.testcases.PortfolioSuite.LoginTest@d8355a8]" name="init" is-config="true" duration-ms="948" started-at="2018-08-15T23:55:29Z" finished-at="2018-08-15T23:55:30Z">
          <reporter-output>
          </reporter-output>
        </test-method> <!-- init -->
        <test-method status="PASS" signature="initTest()[pri:0, instance:com.qtpselenium.rediff.hybrid.testcases.PortfolioSuite.LoginTest@d8355a8]" name="initTest" is-config="true" duration-ms="302" started-at="2018-08-15T23:55:30Z" finished-at="2018-08-15T23:55:30Z">
          <reporter-output>
          </reporter-output>
        </test-method> <!-- initTest -->
        <test-method status="PASS" signature="logintest(java.util.Hashtable)[pri:0, instance:com.qtpselenium.rediff.hybrid.testcases.PortfolioSuite.LoginTest@d8355a8]" name="logintest" duration-ms="69209" started-at="2018-08-15T23:55:30Z" data-provider="getData" finished-at="2018-08-15T23:56:39Z">
          <params>
            <param index="0">
              <value>
                <![CDATA[{Username=ashishthakur1983, ExpectedResult=Loginsuccess, Password=pass@1234, Runmode=Y, Browser=Chrome}]]>
              </value>
            </param>
          </params>
          <reporter-output>
          </reporter-output>
        </test-method> <!-- logintest -->
        <test-method status="PASS" signature="quit()[pri:0, instance:com.qtpselenium.rediff.hybrid.testcases.PortfolioSuite.LoginTest@d8355a8]" name="quit" is-config="true" duration-ms="1194" started-at="2018-08-15T23:56:39Z" finished-at="2018-08-15T23:56:41Z">
          <reporter-output>
          </reporter-output>
        </test-method> <!-- quit -->
      </class> <!-- com.qtpselenium.rediff.hybrid.testcases.PortfolioSuite.LoginTest -->
    </test> <!-- Default test -->
  </suite> <!-- Default suite -->
</testng-results>
